c:\users\zeble\documents\visual studio 2015\projects\[study] gamemakingproject\1 - tetris\chapter01\03_body02\debug\vc140.pdb
c:\users\zeble\documents\visual studio 2015\projects\[study] gamemakingproject\1 - tetris\chapter01\03_body02\debug\vc140.idb
c:\users\zeble\documents\visual studio 2015\projects\[study] gamemakingproject\1 - tetris\chapter01\03_body02\debug\graphics.obj
c:\users\zeble\documents\visual studio 2015\projects\[study] gamemakingproject\1 - tetris\chapter01\03_body02\debug\system.obj
c:\users\zeble\documents\visual studio 2015\projects\[study] gamemakingproject\1 - tetris\chapter01\03_body02\debug\tetris.obj
c:\users\zeble\documents\visual studio 2015\projects\[study] gamemakingproject\1 - tetris\chapter01\03_body02\debug\tetristitle.obj
c:\users\zeble\documents\visual studio 2015\projects\[study] gamemakingproject\1 - tetris\chapter01\03_body02\debug\graphics.obj.enc
c:\users\zeble\documents\visual studio 2015\projects\[study] gamemakingproject\1 - tetris\chapter01\debug\03_body02.pdb
c:\users\zeble\documents\visual studio 2015\projects\[study] gamemakingproject\1 - tetris\chapter01\03_body02\debug\03_body02.tlog\cl.command.1.tlog
c:\users\zeble\documents\visual studio 2015\projects\[study] gamemakingproject\1 - tetris\chapter01\03_body02\debug\03_body02.tlog\cl.read.1.tlog
c:\users\zeble\documents\visual studio 2015\projects\[study] gamemakingproject\1 - tetris\chapter01\03_body02\debug\03_body02.tlog\cl.write.1.tlog
c:\users\zeble\documents\visual studio 2015\projects\[study] gamemakingproject\1 - tetris\chapter01\03_body02\debug\03_body02.tlog\link.11888-cvtres.read.1.tlog
c:\users\zeble\documents\visual studio 2015\projects\[study] gamemakingproject\1 - tetris\chapter01\03_body02\debug\03_body02.tlog\link.11888-cvtres.write.1.tlog
c:\users\zeble\documents\visual studio 2015\projects\[study] gamemakingproject\1 - tetris\chapter01\03_body02\debug\03_body02.tlog\link.11888-rc.read.1.tlog
c:\users\zeble\documents\visual studio 2015\projects\[study] gamemakingproject\1 - tetris\chapter01\03_body02\debug\03_body02.tlog\link.11888-rc.write.1.tlog
c:\users\zeble\documents\visual studio 2015\projects\[study] gamemakingproject\1 - tetris\chapter01\03_body02\debug\03_body02.tlog\link.11888.read.1.tlog
c:\users\zeble\documents\visual studio 2015\projects\[study] gamemakingproject\1 - tetris\chapter01\03_body02\debug\03_body02.tlog\link.11888.write.1.tlog
c:\users\zeble\documents\visual studio 2015\projects\[study] gamemakingproject\1 - tetris\chapter01\03_body02\debug\03_body02.tlog\link.command.1.tlog
c:\users\zeble\documents\visual studio 2015\projects\[study] gamemakingproject\1 - tetris\chapter01\03_body02\debug\03_body02.tlog\link.read.1.tlog
c:\users\zeble\documents\visual studio 2015\projects\[study] gamemakingproject\1 - tetris\chapter01\03_body02\debug\03_body02.tlog\link.write.1.tlog
